E:\PARAMETERSERVER\HELLO\MSVC\CPP.HWCLIENT\DEBUG\LOGITREGRESSION.OBJ
E:\PARAMETERSERVER\HELLO\MSVC\CPP.HWCLIENT\DEBUG\RUN_CLIENT.OBJ
E:\PARAMETERSERVER\HELLO\MSVC\CPP.HWCLIENT\DEBUG\ZMQCLIENT.OBJ
E:\PARAMETERSERVER\HELLO\MSVC\CPP.HWCLIENT\DEBUG\ZMQPROTOBUF.PB.OBJ
E:\PARAMETERSERVER\HELLO\MSVC\CPP.HWCLIENT\DEBUG\VC110.PDB
E:\PARAMETERSERVER\HELLO\MSVC\DEBUG\CPP.HWCLIENT.ILK
E:\PARAMETERSERVER\HELLO\MSVC\DEBUG\CPP.HWCLIENT.EXE
E:\PARAMETERSERVER\HELLO\MSVC\DEBUG\CPP.HWCLIENT.PDB
E:\parameterServer\hello\msvc\cpp.hwclient\Debug\LogitRegression.obj
E:\parameterServer\hello\msvc\cpp.hwclient\Debug\run_client.obj
E:\parameterServer\hello\msvc\cpp.hwclient\Debug\zmqClient.obj
E:\parameterServer\hello\msvc\cpp.hwclient\Debug\zmqprotobuf.pb.obj
E:\parameterServer\hello\msvc\cpp.hwclient\Debug\cl.command.1.tlog
E:\parameterServer\hello\msvc\cpp.hwclient\Debug\CL.read.1.tlog
E:\parameterServer\hello\msvc\cpp.hwclient\Debug\CL.write.1.tlog
E:\parameterServer\hello\msvc\cpp.hwclient\Debug\link-cvtres.read.1.tlog
E:\parameterServer\hello\msvc\cpp.hwclient\Debug\link-cvtres.write.1.tlog
E:\parameterServer\hello\msvc\cpp.hwclient\Debug\link-rc.read.1.tlog
E:\parameterServer\hello\msvc\cpp.hwclient\Debug\link-rc.write.1.tlog
E:\parameterServer\hello\msvc\cpp.hwclient\Debug\link.command.1.tlog
E:\parameterServer\hello\msvc\cpp.hwclient\Debug\link.read.1.tlog
E:\parameterServer\hello\msvc\cpp.hwclient\Debug\link.read.2.tlog
E:\parameterServer\hello\msvc\cpp.hwclient\Debug\link.write.1.tlog
E:\parameterServer\hello\msvc\cpp.hwclient\Debug\vc110.idb
E:\parameterServer\hello\msvc\cpp.hwclient\Debug\vc110.pdb
E:\parameterServer\hello\msvc\Debug\cpp.hwclient.pdb
E:\parameterServer\hello\msvc\Debug\cpp.hwclient.exe
E:\parameterServer\hello\msvc\Debug\cpp.hwclient.ilk
