E:\PARAMETERSERVER\HELLO\MSVC\CPP.HWCLIENT\DEBUG\PARAS.OBJ
E:\PARAMETERSERVER\HELLO\MSVC\CPP.HWCLIENT\DEBUG\LOGITREGRESSION.OBJ
E:\PARAMETERSERVER\HELLO\MSVC\CPP.HWCLIENT\DEBUG\RUN_CLIENT.OBJ
E:\PARAMETERSERVER\HELLO\MSVC\CPP.HWCLIENT\DEBUG\ZMQCLIENT.OBJ
E:\PARAMETERSERVER\HELLO\MSVC\CPP.HWCLIENT\DEBUG\ZMQPROTOBUF.PB.OBJ
E:\PARAMETERSERVER\HELLO\MSVC\CPP.HWCLIENT\DEBUG\VC110.PDB
E:\PARAMETERSERVER\HELLO\MSVC\DEBUG\PSCLIENT.ILK
E:\PARAMETERSERVER\HELLO\MSVC\DEBUG\PSCLIENT.EXE
E:\PARAMETERSERVER\HELLO\MSVC\DEBUG\PSCLIENT.PDB
E:\parameterServer\DistributedLigisticRegression\cpp.hwclient\Debug\LogitRegression.obj
E:\parameterServer\DistributedLigisticRegression\cpp.hwclient\Debug\paras.obj
E:\parameterServer\DistributedLigisticRegression\cpp.hwclient\Debug\run_client.obj
E:\parameterServer\DistributedLigisticRegression\cpp.hwclient\Debug\zmqClient.obj
E:\parameterServer\DistributedLigisticRegression\cpp.hwclient\Debug\zmqprotobuf.pb.obj
E:\parameterServer\DistributedLigisticRegression\cpp.hwclient\Debug\cl.command.1.tlog
E:\parameterServer\DistributedLigisticRegression\cpp.hwclient\Debug\CL.read.1.tlog
E:\parameterServer\DistributedLigisticRegression\cpp.hwclient\Debug\CL.write.1.tlog
E:\parameterServer\DistributedLigisticRegression\cpp.hwclient\Debug\link-cvtres.read.1.tlog
E:\parameterServer\DistributedLigisticRegression\cpp.hwclient\Debug\link-cvtres.write.1.tlog
E:\parameterServer\DistributedLigisticRegression\cpp.hwclient\Debug\link-rc.read.1.tlog
E:\parameterServer\DistributedLigisticRegression\cpp.hwclient\Debug\link-rc.write.1.tlog
E:\parameterServer\DistributedLigisticRegression\cpp.hwclient\Debug\link.command.1.tlog
E:\parameterServer\DistributedLigisticRegression\cpp.hwclient\Debug\link.read.1.tlog
E:\parameterServer\DistributedLigisticRegression\cpp.hwclient\Debug\link.read.2.tlog
E:\parameterServer\DistributedLigisticRegression\cpp.hwclient\Debug\link.write.1.tlog
E:\parameterServer\DistributedLigisticRegression\cpp.hwclient\Debug\vc110.idb
E:\parameterServer\DistributedLigisticRegression\cpp.hwclient\Debug\vc110.pdb
E:\parameterServer\DistributedLigisticRegression\Debug\psClient.pdb
E:\parameterServer\DistributedLigisticRegression\Debug\psClient.exe
E:\parameterServer\DistributedLigisticRegression\Debug\psClient.ilk
