E:\PARAMETERSERVER\HELLO\MSVC\CPP.HWSERVER\DEBUG\PARAS.OBJ
E:\PARAMETERSERVER\HELLO\MSVC\CPP.HWSERVER\DEBUG\RUN_SERVER.OBJ
E:\PARAMETERSERVER\HELLO\MSVC\CPP.HWSERVER\DEBUG\ZMQPROTOBUF.PB.OBJ
E:\PARAMETERSERVER\HELLO\MSVC\CPP.HWSERVER\DEBUG\ZMQSERVER.OBJ
E:\PARAMETERSERVER\HELLO\MSVC\CPP.HWSERVER\DEBUG\VC110.PDB
E:\PARAMETERSERVER\HELLO\MSVC\DEBUG\PSSERVER.ILK
E:\PARAMETERSERVER\HELLO\MSVC\DEBUG\PSSERVER.EXE
E:\PARAMETERSERVER\HELLO\MSVC\DEBUG\PSSERVER.PDB
E:\parameterServer\DistributedLigisticRegression\cpp.hwserver\Debug\paras.obj
E:\parameterServer\DistributedLigisticRegression\cpp.hwserver\Debug\run_server.obj
E:\parameterServer\DistributedLigisticRegression\cpp.hwserver\Debug\zmqprotobuf.pb.obj
E:\parameterServer\DistributedLigisticRegression\cpp.hwserver\Debug\zmqServer.obj
E:\parameterServer\DistributedLigisticRegression\cpp.hwserver\Debug\cl.command.1.tlog
E:\parameterServer\DistributedLigisticRegression\cpp.hwserver\Debug\CL.read.1.tlog
E:\parameterServer\DistributedLigisticRegression\cpp.hwserver\Debug\CL.write.1.tlog
E:\parameterServer\DistributedLigisticRegression\cpp.hwserver\Debug\link-cvtres.read.1.tlog
E:\parameterServer\DistributedLigisticRegression\cpp.hwserver\Debug\link-cvtres.write.1.tlog
E:\parameterServer\DistributedLigisticRegression\cpp.hwserver\Debug\link-rc.read.1.tlog
E:\parameterServer\DistributedLigisticRegression\cpp.hwserver\Debug\link-rc.write.1.tlog
E:\parameterServer\DistributedLigisticRegression\cpp.hwserver\Debug\link.command.1.tlog
E:\parameterServer\DistributedLigisticRegression\cpp.hwserver\Debug\link.read.1.tlog
E:\parameterServer\DistributedLigisticRegression\cpp.hwserver\Debug\link.read.2.tlog
E:\parameterServer\DistributedLigisticRegression\cpp.hwserver\Debug\link.write.1.tlog
E:\parameterServer\DistributedLigisticRegression\cpp.hwserver\Debug\vc110.idb
E:\parameterServer\DistributedLigisticRegression\cpp.hwserver\Debug\vc110.pdb
E:\parameterServer\DistributedLigisticRegression\Debug\psServer.pdb
E:\parameterServer\DistributedLigisticRegression\Debug\psServer.exe
E:\parameterServer\DistributedLigisticRegression\Debug\psServer.ilk
